<?xml version="1.0" encoding="UTF-8"?>
<testng-results ignored="0" total="1" passed="1" failed="0" skipped="0">
  <reporter-output>
  </reporter-output>
  <suite started-at="2023-03-28T14:52:21 IST" name="Surefire suite" finished-at="2023-03-28T14:52:21 IST" duration-ms="185">
    <groups>
    </groups>
    <test started-at="2023-03-28T14:52:21 IST" name="Surefire test" finished-at="2023-03-28T14:52:21 IST" duration-ms="185">
      <class name="Maven.Adactin_New.AppTest">
        <test-method signature="shouldAnswerWithTrue()" started-at="2023-03-28T14:52:21 IST" name="shouldAnswerWithTrue" finished-at="2023-03-28T14:52:21 IST" duration-ms="36" status="PASS">
          <reporter-output>
          </reporter-output>
        </test-method> <!-- shouldAnswerWithTrue -->
      </class> <!-- Maven.Adactin_New.AppTest -->
    </test> <!-- Surefire test -->
  </suite> <!-- Surefire suite -->
</testng-results>
