<?xml version="1.0" encoding="UTF-8"?>
<testng-results ignored="0" total="1" passed="1" failed="0" skipped="0">
  <reporter-output>
  </reporter-output>
  <suite started-at="2023-03-28T15:44:30 IST" name="Default suite" finished-at="2023-03-28T15:44:47 IST" duration-ms="16637">
    <groups>
    </groups>
    <test started-at="2023-03-28T15:44:30 IST" name="Default test" finished-at="2023-03-28T15:44:47 IST" duration-ms="16637">
      <class name="Maven.Adactin_New.Make_My_Trip">
        <test-method signature="browser_launch()[pri:0, instance:Maven.Adactin_New.Make_My_Trip@23c30a20]" started-at="2023-03-28T15:44:31 IST" name="browser_launch" finished-at="2023-03-28T15:44:47 IST" duration-ms="16460" status="PASS">
          <reporter-output>
          </reporter-output>
        </test-method> <!-- browser_launch -->
      </class> <!-- Maven.Adactin_New.Make_My_Trip -->
    </test> <!-- Default test -->
  </suite> <!-- Default suite -->
</testng-results>
